-99992
-99965
-99956
-99916
-99914
-99909
-99879
-99827
-99778
-99754
-99730
-99643
-99632
-99626
-99580
-99571
-99564
-99561
-99534
-99489
-99432
-99426
-99404
-99391
-99351
-99338
-99328
-99281
-99281
-99254
-99241
-99210
-99190
-99181
-99141
-99121
-99113
-99107
-99103
-99091
-99042
-99014
-99007
-98982
-98972
-98945
-98902
-98880
-98879
-98841
-98794
-98789
-98777
-98751
-98732
-98720
-98702
-98677
-98648
-98639
-98620
-98594
-98573
-98558
-98529
-98494
-98481
-98465
-98465
-98430
-98414
-98405
-98370
-98339
-98336
-98321
-98321
-98320
-98315
-98299
-98283
-98275
-98230
-98208
-98200
-98171
-98051
-98045
-98040
-98011
-97976
-97973
-97950
-97946
-97930
-97919
-97918
-97901
-97901
-97898
-97893
-97888
-97794
-97781
-97747
-97741
-97735
-97726
-97719
-97681
-97646
-97640
-97628
-97609
-97607
-97606
-97590
-97564
-97558
-97498
-97493
-97479
-97474
-97473
-97406
-97403
-97401
-97382
-97379
-97375
-97357
-97345
-97338
-97320
-97319
-97316
-97313
-97307
-97297
-97295
-97275
-97270
-97223
-97202
-97201
-97189
-97159
-97103
-97100
-97085
-97076
-97054
-97010
-97008
-96994
-96992
-96977
-96976
-96968
-96950
-96942
-96928
-96920
-96918
-96908
-96867
-96832
-96831
-96719
-96711
-96698
-96689
-96681
-96680
-96661
-96649
-96640
-96621
-96575
-96573
-96559
-96548
-96540
-96528
-96524
-96518
-96510
-96496
-96469
-96439
-96429
-96377
-96365
-96353
-96352
-96337
-96304
-96301
-96293
-96236
-96221
-96219
-96214
-96182
-96169
-96128
-96124
-96103
-96077
-96066
-96057
-96030
-96007
-95971
-95955
-95921
-95828
-95823
-95807
-95754
-95751
-95731
-95683
-95655
-95584
-95524
-95508
-95486
-95455
-95447
-95385
-95382
-95363
-95358
-95356
-95354
-95337
-95323
-95272
-95266
-95260
-95240
-95234
-95193
-95179
-95171
-95138
-95135
-95134
-95130
-95110
-95105
-94989
-94972
-94951
-94919
-94843
-94841
-94833
-94827
-94820
-94789
-94767
-94764
-94736
-94735
-94695
-94692
-94675
-94668
-94646
-94608
-94596
-94567
-94558
-94529
-94526
-94496
-94479
-94467
-94462
-94460
-94451
-94436
-94407
-94328
-94311
-94273
-94272
-94263
-94248
-94106
-94056
-94041
-94028
-93986
-93958
-93948
-93905
-93894
-93838
-93822
-93788
-93696
-93675
-93673
-93664
-93592
-93548
-93547
-93456
-93451
-93400
-93394
-93375
-93311
-93308
-93297
-93288
-93283
-93280
-93280
-93250
-93244
-93221
-93217
-93173
-93172
-93167
-93135
-93061
-93038
-93036
-93033
-93027
-92968
-92946
-92937
-92827
-92821
-92820
-92789
-92763
-92738
-92718
-92705
-92677
-92669
-92662
-92647
-92611
-92595
-92546
-92513
-92513
-92427
-92414
-92399
-92355
-92340
-92291
-92268
-92246
-92242
-92218
-92202
-92130
-92111
-92097
-92095
-92090
-92054
-92035
-92015
-91994
-91981
-91959
-91954
-91922
-91904
-91880
-91856
-91827
-91814
-91808
-91743
-91706
-91705
-91701
-91647
-91647
-91634
-91627
-91619
-91604
-91600
-91597
-91590
-91581
-91567
-91565
-91533
-91532
-91523
-91518
-91515
-91501
-91492
-91482
-91478
-91415
-91399
-91369
-91369
-91366
-91344
-91337
-91332
-91328
-91321
-91220
-91156
-91154
-91116
-91090
-91073
-90995
-90985
-90984
-90981
-90932
-90915
-90873
-90854
-90801
-90797
-90788
-90777
-90762
-90750
-90646
-90638
-90633
-90626
-90613
-90578
-90568
-90564
-90548
-90506
-90503
-90501
-90483
-90467
-90464
-90452
-90450
-90441
-90436
-90408
-90376
-90374
-90368
-90363
-90361
-90343
-90342
-90340
-90323
-90321
-90321
-90292
-90279
-90269
-90245
-90241
-90220
-90214
-90212
-90158
-90150
-90146
-90141
-90095
-90082
-90061
-90057
-90046
-90001
-89988
-89979
-89959
-89955
-89868
-89828
-89827
-89827
-89821
-89815
-89805
-89804
-89798
-89728
-89717
-89717
-89665
-89647
-89642
-89615
-89584
-89568
-89560
-89549
-89548
-89544
-89530
-89497
-89395
-89386
-89361
-89322
-89320
-89290
-89268
-89259
-89232
-89217
-89199
-89176
-89168
-89165
-89134
-89127
-89093
-89073
-89073
-89065
-89032
-89027
-89005
-88994
-88989
-88977
-88942
-88923
-88920
-88918
-88902
-88885
-88809
-88794
-88786
-88777
-88724
-88696
-88650
-88642
-88639
-88634
-88600
-88590
-88583
-88558
-88531
-88511
-88466
-88466
-88427
-88426
-88391
-88382
-88373
-88369
-88332
-88273
-88271
-88252
-88243
-88203
-88181
-88162
-88067
-88054
-88022
-88015
-88008
-88005
-87928
-87919
-87890
-87884
-87867
-87852
-87794
-87777
-87752
-87730
-87723
-87704
-87672
-87632
-87625
-87619
-87616
-87613
-87588
-87580
-87575
-87572
-87545
-87507
-87482
-87465
-87443
-87413
-87362
-87352
-87318
-87296
-87270
-87244
-87191
-87184
-87153
-87104
-87060
-87026
-87018
-87010
-86997
-86996
-86991
-86983
-86977
-86958
-86948
-86929
-86924
-86918
-86911
-86903
-86858
-86847
-86792
-86790
-86778
-86770
-86748
-86738
-86736
-86722
-86717
-86702
-86684
-86684
-86669
-86664
-86656
-86626
-86590
-86554
-86554
-86507
-86494
-86395
-86387
-86378
-86349
-86299
-86291
-86281
-86247
-86226
-86217
-86215
-86208
-86197
-86192
-86133
-86126
-86076
-86068
-86049
-86008
-85986
-85965
-85897
-85888
-85855
-85743
-85738
-85691
-85674
-85668
-85635
-85616
-85608
-85601
-85560
-85560
-85512
-85392
-85376
-85361
-85292
-85274
-85239
-85224
-85186
-85174
-85166
-85153
-85145
-85140
-85135
-85127
-85119
-85108
-85094
-85042
-84961
-84900
-84897
-84865
-84821
-84820
-84814
-84812
-84760
-84743
-84729
-84719
-84699
-84698
-84692
-84670
-84663
-84627
-84583
-84578
-84572
-84552
-84540
-84534
-84501
-84487
-84453
-84418
-84398
-84378
-84365
-84362
-84349
-84327
-84314
-84307
-84283
-84255
-84244
-84219
-84174
-84087
-84062
-84058
-84029
-84024
-83981
-83933
-83916
-83871
-83851
-83831
-83829
-83805
-83796
-83783
-83774
-83766
-83763
-83754
-83718
-83696
-83696
-83686
-83651
-83616
-83613
-83602
-83594
-83585
-83544
-83510
-83499
-83497
-83455
-83441
-83420
-83409
-83350
-83324
-83320
-83281
-83281
-83220
-83213
-83207
-83133
-83133
-83128
-83123
-83091
-83069
-83054
-83034
-83029
-83021
-82995
-82983
-82979
-82975
-82974
-82974
-82971
-82953
-82932
-82926
-82925
-82896
-82894
-82882
-82858
-82825
-82824
-82813
-82803
-82799
-82797
-82789
-82756
-82669
-82638
-82606
-82558
-82549
-82523
-82512
-82499
-82487
-82478
-82420
-82379
-82332
-82314
-82267
-82255
-82242
-82220
-82179
-82144
-82142
-82133
-82088
-82056
-82023
-81984
-81966
-81959
-81881
-81876
-81863
-81857
-81838
-81834
-81824
-81821
-81794
-81774
-81740
-81709
-81709
-81690
-81672
-81671
-81663
-81662
-81648
-81632
-81619
-81594
-81586
-81524
-81511
-81501
-81501
-81495
-81493
-81481
-81448
-81384
-81372
-81331
-81331
-81329
-81310
-81308
-81298
-81241
-81210
-81201
-81162
-81155
-81131
-81121
-81111
-81050
-81044
-81033
-81019
-81007
-80977
-80949
-80935
-80911
-80910
-80904
-80897
-80897
-80880
-80879
-80854
-80843
-80828
-80797
-80776
-80759
-80749
-80704
-80663
-80652
-80647
-80641
-80519
-80508
-80418
-80385
-80373
-80334
-80317
-80303
-80292
-80184
-80166
-80166
-80139
-80134
-80107
-80107
-80104
-80086
-80067
-80063
-80062
-79981
-79957
-79932
-79892
-79874
-79850
-79841
-79832
-79826
-79824
-79815
-79805
-79785
-79785
-79767
-79754
-79751
-79736
-79731
-79727
-79723
-79701
-79695
-79686
-79659
-79641
-79608
-79598
-79576
-79490
-79432
-79427
-79404
-79400
-79383
-79381
-79357
-79350
-79344
-79336
-79322
-79322
-79308
-79299
-79253
-79238
-79234
-79227
-79197
-79154
-79153
-79134
-79132
-79089
-79080
-79067
-79063
-79039
-79023
-79012
-79011
-78946
-78926
-78908
-78879
-78876
-78855
-78853
-78847
-78841
-78835
-78834
-78805
-78789
-78777
-78753
-78701
-78696
-78628
-78605
-78603
-78581
-78569
-78547
-78533
-78532
-78485
-78479
-78422
-78404
-78400
-78382
-78364
-78319
-78306
-78281
-78268
-78249
-78243
-78240
-78236
-78189
-78188
-78179
-78143
-78133
-78132
-78115
-78085
-78081
-78057
-78052
-78039
-78036
-78016
-77999
-77997
-77971
-77959
-77881
-77866
-77840
-77791
-77774
-77733
-77709
-77692
-77675
-77639
-77637
-77628
-77542
-77523
-77521
-77517
-77512
-77492
-77448
-77422
-77372
-77364
-77352
-77325
-77303
-77297
-77216
-77204
-77184
-77150
-77094
-77092
-77041
-77026
-76993
-76984
-76982
-76975
-76954
-76931
-76908
-76901
-76897
-76897
-76893
-76885
-76869
-76862
-76861
-76844
-76837
-76833
-76795
-76714
-76686
-76678
-76662
-76645
-76639
-76619
-76608
-76603
-76593
-76560
-76556
-76541
-76533
-76443
-76432
-76412
-76409
-76407
-76343
-76304
-76289
-76239
-76230
-76205
-76189
-76186
-76183
-76141
-76140
-76106
-76080
-76069
-76008
-75999
-75995
-75926
-75919
-75892
-75887
-75883
-75867
-75865
-75845
-75719
-75678
-75664
-75626
-75625
-75611
-75606
-75561
-75550
-75549
-75525
-75489
-75477
-75463
-75424
-75341
-75311
-75308
-75308
-75285
-75243
-75240
-75228
-75213
-75205
-75175
-75157
-75150
-75146
-75112
-75106
-75082
-75045
-75009
-75007
-75004
-74969
-74959
-74955
-74944
-74925
-74849
-74781
-74778
-74753
-74741
-74706
-74673
-74629
-74594
-74588
-74573
-74551
-74529
-74403
-74393
-74374
-74353
-74282
-74257
-74241
-74220
-74204
-74174
-74138
-74099
-74089
-74086
-74056
-74052
-74019
-74012
-73971
-73968
-73955
-73953
-73951
-73925
-73916
-73916
-73913
-73893
-73886
-73872
-73845
-73823
-73823
-73788
-73785
-73759
-73742
-73724
-73712
-73705
-73701
-73678
-73600
-73580
-73577
-73544
-73534
-73507
-73483
-73472
-73467
-73440
-73415
-73401
-73401
-73397
-73381
-73368
-73343
-73340
-73337
-73322
-73307
-73299
-73264
-73256
-73235
-73223
-73177
-73164
-73162
-73132
-73069
-73043
-73025
-73011
-72988
-72974
-72952
-72946
-72918
-72917
-72886
-72867
-72808
-72795
-72782
-72778
-72678
-72675
-72641
-72606
-72590
-72580
-72556
-72548
-72526
-72521
-72520
-72503
-72491
-72486
-72480
-72457
-72445
-72404
-72403
-72401
-72364
-72343
-72322
-72321
-72278
-72271
-72261
-72219
-72199
-72196
-72194
-72118
-72089
-72038
-72027
-72008
-71989
-71977
-71911
-71832
-71774
-71772
-71751
-71750
-71750
-71727
-71695
-71693
-71682
-71668
-71635
-71629
-71616
-71560
-71553
-71547
-71510
-71510
-71501
-71493
-71426
-71399
-71390
-71382
-71370
-71356
-71355
-71338
-71314
-71308
-71303
-71264
-71251
-71135
-71121
-71087
-71020
-70972
-70958
-70955
-70903
-70875
-70844
-70828
-70814
-70809
-70799
-70795
-70742
-70728
-70712
-70711
-70709
-70685
-70673
-70634
-70599
-70560
-70549
-70527
-70516
-70483
-70467
-70411
-70373
-70359
-70349
-70295
-70294
-70288
-70255
-70247
-70242
-70241
-70234
-70231
-70188
-70182
-70181
-70167
-70113
-70098
-70083
-70070
-70022
-69992
-69980
-69978
-69944
-69917
-69915
-69905
-69896
-69885
-69852
-69840
-69835
-69824
-69810
-69803
-69790
-69782
-69756
-69744
-69733
-69727
-69720
-69679
-69677
-69667
-69636
-69635
-69576
-69558
-69536
-69532
-69524
-69518
-69510
-69473
-69463
-69458
-69449
-69409
-69391
-69373
-69368
-69367
-69366
-69339
-69316
-69300
-69292
-69280
-69244
-69195
-69147
-69110
-69079
-69062
-69061
-69045
-69036
-69031
-68988
-68971
-68928
-68912
-68894
-68893
-68823
-68821
-68821
-68818
-68803
-68793
-68763
-68695
-68640
-68617
-68615
-68598
-68577
-68573
-68558
-68540
-68504
-68496
-68486
-68485
-68464
-68425
-68401
-68386
-68353
-68340
-68276
-68261
-68250
-68221
-68208
-68197
-68191
-68145
-68131
-68126
-68111
-68104
-68093
-68063
-68030
-68006
-67992
-67968
-67961
-67941
-67928
-67907
-67875
-67842
-67840
-67832
-67778
-67760
-67757
-67721
-67694
-67660
-67596
-67580
-67540
-67474
-67463
-67453
-67438
-67429
-67429
-67407
-67357
-67347
-67328
-67313
-67306
-67268
-67163
-67161
-67155
-67116
-67091
-67004
-66961
-66922
-66917
-66904
-66889
-66873
-66804
-66787
-66781
-66749
-66728
-66714
-66712
-66598
-66581
-66573
-66569
-66560
-66554
-66551
-66548
-66543
-66532
-66527
-66518
-66517
-66517
-66512
-66486
-66483
-66412
-66364
-66361
-66327
-66268
-66235
-66157
-66144
-66136
-66111
-66080
-66079
-66060
-66029
-65934
-65911
-65909
-65902
-65847
-65796
-65762
-65753
-65750
-65746
-65743
-65707
-65694
-65685
-65643
-65633
-65625
-65616
-65551
-65536
-65532
-65513
-65505
-65481
-65471
-65435
-65394
-65322
-65310
-65306
-65274
-65273
-65241
-65193
-65169
-65168
-65153
-65142
-65134
-65091
-65060
-65036
-64970
-64967
-64890
-64878
-64859
-64824
-64810
-64768
-64744
-64713
-64695
-64694
-64680
-64664
-64616
-64614
-64601
-64581
-64569
-64550
-64535
-64504
-64471
-64443
-64413
-64409
-64409
-64398
-64382
-64359
-64336
-64265
-64259
-64230
-64228
-64225
-64196
-64193
-64179
-64177
-64164
-64157
-64138
-64094
-64086
-64083
-64059
-64034
-64020
-64012
-64011
-63995
-63932
-63901
-63889
-63867
-63862
-63836
-63819
-63796
-63789
-63723
-63680
-63673
-63646
-63631
-63630
-63622
-63591
-63573
-63571
-63563
-63542
-63540
-63524
-63517
-63510
-63475
-63464
-63452
-63450
-63431
-63429
-63423
-63417
-63391
-63359
-63324
-63315
-63301
-63285
-63266
-63230
-63201
-63144
-63141
-63134
-63133
-63132
-63109
-63091
-63069
-63065
-63058
-63035
-62978
-62973
-62968
-62955
-62947
-62941
-62930
-62917
-62916
-62909
-62865
-62772
-62765
-62761
-62733
-62708
-62690
-62687
-62666
-62652
-62646
-62630
-62615
-62562
-62544
-62542
-62494
-62478
-62471
-62437
-62420
-62383
-62316
-62313
-62305
-62291
-62285
-62269
-62260
-62243
-62203
-62182
-62145
-62136
-62132
-62050
-62031
-62011
-62006
-62006
-61982
-61966
-61949
-61922
-61916
-61913
-61909
-61869
-61869
-61844
-61773
-61749
-61734
-61725
-61723
-61695
-61674
-61656
-61651
-61626
-61607
-61576
-61562
-61548
-61474
-61464
-61463
-61455
-61441
-61417
-61410
-61407
-61388
-61367
-61310
-61297
-61268
-61211
-61094
-61083
-61039
-61026
-61017
-60999
-60993
-60963
-60961
-60945
-60929
-60902
-60874
-60835
-60817
-60815
-60805
-60791
-60791
-60732
-60725
-60659
-60640
-60612
-60604
-60601
-60595
-60577
-60544
-60542
-60537
-60501
-60491
-60404
-60401
-60401
-60348
-60345
-60341
-60270
-60254
-60247
-60226
-60218
-60184
-60176
-60085
-60069
-60037
-60035
-60025
-60021
-59989
-59984
-59978
-59971
-59945
-59944
-59929
-59913
-59844
-59810
-59808
-59788
-59774
-59770
-59757
-59724
-59717
-59715
-59691
-59680
-59643
-59623
-59607
-59602
-59558
-59552
-59548
-59531
-59491
-59485
-59479
-59478
-59452
-59380
-59377
-59367
-59347
-59334
-59322
-59314
-59297
-59279
-59277
-59260
-59257
-59238
-59169
-59158
-59152
-59151
-59107
-59086
-59079
-59066
-59057
-59039
-59024
-59009
-58996
-58994
-58984
-58975
-58971
-58930
-58908
-58903
-58902
-58840
-58834
-58828
-58826
-58779
-58734
-58697
-58686
-58668
-58663
-58653
-58643
-58637
-58610
-58593
-58577
-58538
-58523
-58518
-58499
-58498
-58493
-58450
-58421
-58388
-58380
-58355
-58347
-58342
-58288
-58271
-58254
-58230
-58223
-58218
-58216
-58134
-58127
-58096
-58078
-58070
-58069
-58067
-58062
-58051
-58039
-58016
-58015
-57970
-57939
-57939
-57920
-57912
-57876
-57861
-57835
-57833
-57824
-57806
-57801
-57784
-57716
-57676
-57657
-57638
-57615
-57604
-57577
-57559
-57554
-57504
-57468
-57448
-57420
-57420
-57413
-57401
-57359
-57352
-57349
-57346
-57340
-57301
-57291
-57230
-57180
-57155
-57113
-57103
-57078
-57062
-57047
-57039
-57020
-57016
-56997
-56969
-56967
-56958
-56954
-56903
-56864
-56846
-56840
-56811
-56801
-56754
-56750
-56741
-56734
-56728
-56705
-56682
-56676
-56652
-56650
-56625
-56617
-56596
-56590
-56542
-56531
-56523
-56463
-56390
-56298
-56281
-56277
-56265
-56241
-56125
-56078
-56076
-56073
-56061
-56059
-56056
-56029
-56028
-56017
-55992
-55985
-55978
-55970
-55966
-55956
-55951
-55923
-55920
-55912
-55910
-55877
-55872
-55842
-55836
-55754
-55749
-55745
-55728
-55724
-55724
-55722
-55695
-55687
-55676
-55606
-55595
-55578
-55573
-55523
-55512
-55511
-55504
-55501
-55498
-55496
-55481
-55423
-55411
-55401
-55372
-55350
-55349
-55346
-55339
-55288
-55258
-55253
-55241
-55233
-55220
-55202
-55134
-55120
-55104
-55101
-55077
-55042
-54997
-54980
-54963
-54926
-54913
-54903
-54878
-54852
-54849
-54833
-54766
-54748
-54743
-54717
-54675
-54658
-54586
-54579
-54560
-54558
-54544
-54517
-54477
-54445
-54439
-54437
-54430
-54419
-54380
-54363
-54346
-54326
-54299
-54299
-54277
-54267
-54209
-54176
-54170
-54164
-54160
-54141
-54116
-54089
-54078
-54056
-54048
-54034
-54028
-53958
-53889
-53886
-53882
-53871
-53862
-53843
-53805
-53770
-53746
-53741
-53713
-53685
-53661
-53660
-53635
-53630
-53611
-53600
-53566
-53535
-53510
-53459
-53448
-53441
-53427
-53420
-53417
-53410
-53407
-53394
-53386
-53370
-53368
-53360
-53348
-53343
-53330
-53311
-53284
-53284
-53267
-53255
-53250
-53169
-53097
-53077
-53066
-53031
-52997
-52973
-52963
-52825
-52802
-52802
-52798
-52787
-52779
-52770
-52764
-52741
-52739
-52727
-52701
-52660
-52613
-52607
-52606
-52589
-52588
-52580
-52530
-52522
-52518
-52457
-52430
-52423
-52418
-52417
-52387
-52382
-52373
-52331
-52319
-52313
-52284
-52269
-52258
-52252
-52252
-52242
-52218
-52204
-52193
-52159
-52157
-52147
-52143
-52119
-52112
-52103
-52072
-52051
-52040
-52036
-52031
-52024
-52009
-52001
-51974
-51962
-51942
-51941
-51921
-51909
-51883
-51856
-51853
-51827
-51826
-51809
-51787
-51714
-51687
-51672
-51606
-51601
-51601
-51587
-51569
-51540
-51509
-51451
-51448
-51446
-51428
-51407
-51402
-51397
-51332
-51330
-51305
-51277
-51274
-51239
-51228
-51213
-51173
-51171
-51167
-51090
-51071
-51061
-51057
-51051
-51039
-51007
-51004
-50980
-50947
-50944
-50942
-50908
-50875
-50869
-50856
-50781
-50781
-50734
-50715
-50713
-50650
-50627
-50577
-50551
-50549
-50524
-50512
-50499
-50486
-50477
-50475
-50417
-50394
-50373
-50371
-50329
-50271
-50256
-50221
-50216
-50200
-50192
-50151
-50088
-50077
-50033
-50021
-50012
-49987
-49977
-49944
-49913
-49887
-49807
-49788
-49778
-49770
-49765
-49763
-49753
-49735
-49677
-49673
-49669
-49655
-49638
-49601
-49594
-49549
-49531
-49517
-49504
-49419
-49381
-49361
-49354
-49337
-49306
-49305
-49295
-49278
-49264
-49242
-49230
-49210
-49203
-49195
-49101
-49060
-49012
-49009
-49001
-48994
-48984
-48966
-48927
-48917
-48908
-48880
-48851
-48845
-48827
-48824
-48784
-48774
-48765
-48753
-48716
-48690
-48683
-48678
-48671
-48668
-48656
-48623
-48598
-48549
-48540
-48529
-48527
-48481
-48441
-48435
-48406
-48392
-48367
-48367
-48365
-48360
-48347
-48313
-48275
-48258
-48216
-48199
-48186
-48175
-48168
-48128
-48116
-48097
-48061
-48036
-48032
-48005
-47974
-47964
-47934
-47866
-47866
-47851
-47850
-47849
-47816
-47764
-47763
-47760
-47698
-47692
-47551
-47525
-47460
-47426
-47423
-47408
-47380
-47377
-47364
-47358
-47350
-47308
-47288
-47288
-47288
-47238
-47175
-47172
-47167
-47132
-47120
-47049
-47034
-47003
-46997
-46987
-46947
-46936
-46936
-46931
-46891
-46887
-46853
-46852
-46835
-46823
-46814
-46785
-46778
-46733
-46730
-46727
-46685
-46683
-46680
-46622
-46611
-46609
-46600
-46570
-46554
-46546
-46546
-46519
-46438
-46425
-46385
-46327
-46327
-46281
-46259
-46253
-46250
-46246
-46232
-46202
-46198
-46190
-46188
-46187
-46187
-46184
-46158
-46042
-46036
-46024
-46007
-45953
-45952
-45939
-45913
-45913
-45911
-45879
-45857
-45853
-45851
-45836
-45832
-45762
-45757
-45739
-45716
-45707
-45669
-45668
-45637
-45599
-45597
-45585
-45575
-45564
-45558
-45504
-45500
-45496
-45490
-45481
-45481
-45480
-45447
-45431
-45428
-45394
-45338
-45319
-45302
-45284
-45275
-45246
-45245
-45144
-45139
-45114
-45090
-45089
-45076
-45074
-45073
-45034
-45004
-44975
-44964
-44961
-44951
-44922
-44907
-44868
-44853
-44807
-44790
-44745
-44733
-44729
-44726
-44725
-44709
-44692
-44671
-44664
-44648
-44645
-44615
-44591
-44587
-44579
-44540
-44512
-44508
-44488
-44454
-44444
-44440
-44418
-44389
-44366
-44351
-44350
-44328
-44318
-44307
-44299
-44284
-44266
-44231
-44226
-44209
-44209
-44191
-44174
-44147
-44147
-44142
-44132
-44124
-44115
-44079
-44077
-44068
-44066
-44052
-44013
-43983
-43961
-43956
-43923
-43920
-43901
-43896
-43890
-43874
-43827
-43798
-43797
-43786
-43773
-43762
-43722
-43706
-43705
-43701
-43691
-43674
-43652
-43625
-43623
-43620
-43599
-43597
-43559
-43548
-43544
-43536
-43519
-43478
-43476
-43475
-43442
-43439
-43371
-43370
-43322
-43270
-43267
-43244
-43237
-43220
-43213
-43191
-43179
-43151
-43066
-43023
-42993
-42989
-42978
-42978
-42907
-42863
-42863
-42852
-42842
-42824
-42788
-42739
-42696
-42683
-42681
-42651
-42627
-42587
-42571
-42545
-42520
-42481
-42470
-42447
-42439
-42437
-42436
-42431
-42428
-42426
-42394
-42385
-42342
-42333
-42324
-42270
-42266
-42224
-42175
-42166
-42162
-42142
-42141
-42118
-42099
-42085
-42081
-42063
-42059
-42010
-41970
-41966
-41966
-41958
-41958
-41952
-41941
-41914
-41876
-41859
-41855
-41831
-41830
-41735
-41691
-41682
-41677
-41657
-41627
-41594
-41569
-41558
-41555
-41542
-41526
-41526
-41474
-41460
-41457
-41393
-41392
-41392
-41378
-41367
-41309
-41305
-41297
-41296
-41290
-41273
-41211
-41108
-41105
-41093
-41063
-41051
-41050
-41003
-41001
-40999
-40966
-40960
-40954
-40936
-40933
-40933
-40916
-40915
-40892
-40881
-40859
-40829
-40777
-40751
-40742
-40717
-40704
-40645
-40600
-40580
-40573
-40554
-40547
-40541
-40534
-40524
-40522
-40520
-40504
-40492
-40465
-40410
-40402
-40400
-40374
-40358
-40321
-40310
-40292
-40288
-40262
-40248
-40243
-40230
-40224
-40171
-40163
-40163
-40132
-40119
-40113
-40088
-40074
-40069
-40066
-40052
-40035
-40018
-39994
-39988
-39923
-39909
-39893
-39889
-39857
-39851
-39832
-39829
-39805
-39788
-39671
-39629
-39626
-39624
-39581
-39567
-39547
-39539
-39525
-39518
-39513
-39473
-39472
-39461
-39428
-39400
-39392
-39387
-39376
-39349
-39348
-39311
-39304
-39295
-39290
-39234
-39217
-39212
-39180
-39149
-39145
-39139
-39131
-39123
-39119
-39082
-39062
-39045
-39040
-39025
-39019
-38981
-38979
-38976
-38964
-38963
-38961
-38953
-38924
-38899
-38899
-38890
-38881
-38868
-38854
-38842
-38830
-38824
-38807
-38759
-38748
-38731
-38725
-38723
-38711
-38693
-38674
-38635
-38612
-38610
-38570
-38543
-38491
-38483
-38468
-38460
-38428
-38403
-38366
-38365
-38343
-38323
-38316
-38315
-38293
-38282
-38167
-38162
-38160
-38159
-38078
-38070
-38035
-38013
-37950
-37941
-37865
-37854
-37817
-37802
-37714
-37708
-37705
-37688
-37653
-37587
-37523
-37499
-37491
-37477
-37465
-37436
-37429
-37416
-37398
-37392
-37375
-37372
-37369
-37332
-37311
-37285
-37256
-37247
-37241
-37237
-37223
-37170
-37148
-37135
-37135
-37104
-37104
-37103
-37079
-37078
-37046
-37045
-37043
-37029
-37023
-37005
-36999
-36990
-36972
-36907
-36892
-36881
-36841
-36819
-36809
-36793
-36792
-36773
-36770
-36749
-36748
-36722
-36698
-36654
-36644
-36625
-36616
-36615
-36601
-36585
-36572
-36536
-36514
-36492
-36471
-36415
-36398
-36394
-36378
-36343
-36340
-36332
-36320
-36315
-36278
-36258
-36246
-36240
-36224
-36198
-36185
-36169
-36160
-36160
-36158
-36151
-36137
-36105
-36044
-36001
-36000
-35995
-35985
-35951
-35946
-35934
-35919
-35900
-35859
-35839
-35815
-35793
-35789
-35759
-35754
-35753
-35706
-35703
-35692
-35681
-35669
-35573
-35563
-35554
-35540
-35512
-35505
-35476
-35458
-35452
-35435
-35414
-35388
-35370
-35344
-35329
-35306
-35260
-35228
-35226
-35196
-35179
-35113
-35102
-35095
-35076
-35067
-35061
-35051
-35004
-34992
-34965
-34947
-34928
-34915
-34905
-34890
-34873
-34862
-34854
-34853
-34847
-34824
-34795
-34777
-34738
-34727
-34719
-34684
-34670
-34650
-34638
-34638
-34631
-34629
-34591
-34573
-34516
-34481
-34467
-34449
-34349
-34323
-34291
-34285
-34282
-34231
-34199
-34188
-34184
-34138
-34098
-34089
-34072
-34068
-34066
-34012
-34004
-33932
-33925
-33922
-33916
-33909
-33901
-33896
-33889
-33886
-33885
-33877
-33875
-33828
-33803
-33787
-33761
-33758
-33749
-33711
-33682
-33655
-33616
-33592
-33584
-33576
-33558
-33550
-33538
-33535
-33497
-33479
-33456
-33429
-33419
-33336
-33285
-33272
-33232
-33197
-33179
-33091
-33058
-33050
-32994
-32970
-32964
-32952
-32939
-32910
-32904
-32884
-32884
-32878
-32858
-32858
-32835
-32802
-32798
-32794
-32713
-32703
-32699
-32677
-32677
-32622
-32612
-32610
-32601
-32600
-32591
-32578
-32571
-32545
-32516
-32511
-32509
-32485
-32466
-32436
-32419
-32416
-32403
-32399
-32378
-32372
-32368
-32361
-32329
-32327
-32290
-32285
-32254
-32244
-32227
-32224
-32218
-32130
-32117
-32111
-32109
-32076
-32028
-32022
-32018
-32007
-31972
-31961
-31895
-31889
-31883
-31850
-31849
-31849
-31804
-31793
-31780
-31725
-31664
-31662
-31658
-31636
-31626
-31599
-31592
-31543
-31518
-31516
-31472
-31461
-31445
-31412
-31386
-31379
-31378
-31348
-31328
-31311
-31307
-31249
-31229
-31227
-31222
-31200
-31181
-31175
-31160
-31137
-31112
-31050
-31049
-31020
-31007
-30994
-30982
-30981
-30979
-30932
-30915
-30899
-30878
-30855
-30854
-30836
-30833
-30804
-30797
-30797
-30777
-30767
-30755
-30743
-30711
-30705
-30702
-30685
-30684
-30658
-30609
-30586
-30581
-30580
-30564
-30544
-30522
-30482
-30478
-30468
-30437
-30425
-30422
-30409
-30390
-30387
-30348
-30331
-30315
-30268
-30264
-30254
-30249
-30238
-30224
-30223
-30209
-30205
-30194
-30118
-30103
-30090
-30075
-30065
-30040
-30039
-30038
-30027
-30024
-30017
-30008
-29988
-29983
-29962
-29959
-29950
-29925
-29923
-29915
-29912
-29904
-29902
-29857
-29815
-29799
-29788
-29749
-29749
-29737
-29728
-29681
-29628
-29624
-29623
-29621
-29609
-29593
-29546
-29542
-29459
-29445
-29434
-29400
-29400
-29392
-29364
-29335
-29307
-29303
-29294
-29285
-29267
-29260
-29258
-29250
-29201
-29177
-29136
-29109
-29098
-29090
-29090
-29085
-29064
-29059
-29040
-29010
-28974
-28968
-28963
-28950
-28947
-28895
-28889
-28871
-28869
-28852
-28837
-28782
-28764
-28756
-28740
-28731
-28721
-28713
-28703
-28681
-28681
-28663
-28652
-28651
-28648
-28647
-28647
-28637
-28633
-28631
-28616
-28589
-28587
-28579
-28560
-28509
-28504
-28496
-28436
-28398
-28392
-28372
-28360
-28357
-28329
-28310
-28270
-28267
-28264
-28258
-28249
-28247
-28234
-28224
-28213
-28204
-28152
-28118
-28066
-28059
-28059
-28051
-28016
-28001
-27997
-27974
-27961
-27947
-27928
-27917
-27889
-27877
-27825
-27812
-27803
-27774
-27752
-27744
-27729
-27717
-27690
-27677
-27677
-27620
-27588
-27570
-27501
-27475
-27460
-27422
-27419
-27396
-27389
-27379
-27365
-27354
-27354
-27337
-27313
-27302
-27262
-27262
-27244
-27241
-27188
-27139
-27125
-27055
-27028
-27015
-27006
-26985
-26924
-26889
-26843
-26742
-26736
-26721
-26689
-26675
-26643
-26618
-26592
-26586
-26549
-26522
-26516
-26496
-26489
-26487
-26477
-26463
-26426
-26402
-26330
-26314
-26299
-26295
-26264
-26230
-26211
-26204
-26168
-26154
-26152
-26123
-26086
-26069
-26028
-26018
-26016
-25958
-25923
-25908
-25895
-25889
-25866
-25856
-25802
-25780
-25752
-25747
-25737
-25671
-25639
-25541
-25529
-25507
-25506
-25499
-25405
-25400
-25389
-25377
-25373
-25343
-25290
-25263
-25256
-25244
-25237
-25222
-25154
-25153
-25147
-25099
-25090
-25072
-25059
-25022
-25007
-25001
-24976
-24942
-24911
-24906
-24899
-24899
-24897
-24896
-24895
-24882
-24873
-24865
-24849
-24839
-24804
-24787
-24760
-24736
-24731
-24720
-24719
-24681
-24652
-24619
-24601
-24594
-24589
-24582
-24576
-24560
-24558
-24499
-24490
-24480
-24474
-24461
-24450
-24444
-24429
-24413
-24399
-24393
-24362
-24358
-24346
-24335
-24286
-24262
-24250
-24249
-24202
-24169
-24150
-24133
-24131
-24130
-24130
-24115
-24053
-24023
-24018
-24008
-24005
-24000
-23997
-23988
-23985
-23945
-23906
-23865
-23859
-23825
-23820
-23764
-23726
-23722
-23707
-23667
-23663
-23652
-23553
-23550
-23516
-23512
-23508
-23483
-23481
-23448
-23389
-23366
-23362
-23355
-23353
-23322
-23305
-23294
-23280
-23280
-23269
-23266
-23231
-23210
-23209
-23197
-23180
-23178
-23157
-23146
-23119
-23114
-23091
-23067
-23059
-23046
-23038
-23035
-23033
-23025
-23013
-23001
-22998
-22992
-22926
-22918
-22885
-22830
-22803
-22770
-22765
-22682
-22667
-22666
-22652
-22632
-22625
-22596
-22571
-22551
-22534
-22519
-22450
-22400
-22396
-22380
-22379
-22378
-22370
-22369
-22361
-22340
-22329
-22309
-22284
-22269
-22243
-22238
-22208
-22197
-22167
-22163
-22147
-22146
-22144
-22138
-22110
-22108
-22099
-22081
-22072
-22033
-22028
-22016
-22002
-21979
-21974
-21967
-21961
-21881
-21879
-21856
-21844
-21832
-21821
-21816
-21751
-21743
-21733
-21707
-21653
-21629
-21619
-21588
-21586
-21579
-21551
-21535
-21529
-21486
-21485
-21481
-21472
-21461
-21457
-21437
-21428
-21404
-21383
-21377
-21367
-21231
-21226
-21204
-21164
-21153
-21099
-21077
-21068
-21065
-21062
-21055
-21037
-21028
-21021
-21017
-20968
-20923
-20907
-20906
-20850
-20842
-20813
-20805
-20790
-20756
-20730
-20712
-20697
-20650
-20634
-20611
-20597
-20589
-20480
-20479
-20442
-20439
-20427
-20421
-20406
-20404
-20386
-20367
-20338
-20326
-20281
-20242
-20238
-20236
-20231
-20227
-20140
-20136
-20135
-20127
-20115
-20000
-20000
-19997
-19888
-19857
-19816
-19799
-19777
-19755
-19732
-19720
-19705
-19702
-19679
-19662
-19591
-19553
-19540
-19537
-19533
-19527
-19514
-19504
-19467
-19454
-19406
-19365
-19358
-19352
-19332
-19313
-19297
-19292
-19275
-19233
-19215
-19189
-19180
-19165
-19153
-19128
-19118
-19090
-19078
-19063
-19053
-19024
-19020
-19017
-19009
-18959
-18950
-18930
-18929
-18926
-18915
-18902
-18891
-18886
-18841
-18834
-18834
-18811
-18795
-18738
-18735
-18733
-18696
-18693
-18671
-18664
-18654
-18633
-18625
-18622
-18610
-18609
-18528
-18514
-18511
-18509
-18369
-18368
-18362
-18358
-18350
-18334
-18332
-18319
-18310
-18298
-18285
-18254
-18238
-18235
-18225
-18166
-18153
-18141
-18097
-18073
-18049
-18013
-17961
-17927
-17872
-17865
-17834
-17823
-17805
-17803
-17780
-17777
-17745
-17713
-17687
-17676
-17673
-17630
-17621
-17620
-17615
-17586
-17553
-17535
-17533
-17491
-17461
-17442
-17394
-17383
-17378
-17375
-17366
-17360
-17334
-17334
-17332
-17319
-17297
-17296
-17240
-17237
-17231
-17182
-17177
-17111
-17081
-17080
-17076
-17038
-17034
-17030
-17011
-16999
-16976
-16966
-16966
-16929
-16883
-16874
-16864
-16857
-16841
-16783
-16768
-16768
-16768
-16730
-16693
-16675
-16656
-16655
-16620
-16620
-16599
-16599
-16544
-16542
-16507
-16426
-16422
-16420
-16405
-16401
-16381
-16372
-16346
-16319
-16316
-16299
-16292
-16275
-16233
-16220
-16206
-16093
-16086
-16083
-16082
-16070
-16058
-16053
-15996
-15978
-15978
-15939
-15933
-15910
-15893
-15891
-15840
-15836
-15833
-15830
-15801
-15788
-15710
-15701
-15685
-15684
-15680
-15680
-15673
-15666
-15639
-15638
-15631
-15621
-15608
-15598
-15574
-15547
-15543
-15533
-15527
-15506
-15488
-15473
-15463
-15453
-15453
-15452
-15406
-15401
-15393
-15331
-15248
-15234
-15194
-15188
-15163
-15140
-15133
-15105
-15074
-15049
-14985
-14967
-14947
-14945
-14934
-14926
-14916
-14879
-14852
-14841
-14824
-14809
-14803
-14800
-14785
-14743
-14705
-14685
-14660
-14644
-14605
-14576
-14564
-14561
-14548
-14538
-14531
-14528
-14526
-14520
-14480
-14444
-14442
-14430
-14415
-14388
-14329
-14310
-14308
-14298
-14261
-14257
-14254
-14254
-14244
-14241
-14241
-14238
-14235
-14229
-14227
-14222
-14202
-14193
-14174
-14149
-14123
-14108
-14087
-14080
-14067
-14037
-14022
-14016
-13980
-13946
-13915
-13909
-13872
-13862
-13841
-13824
-13821
-13784
-13776
-13716
-13687
-13682
-13658
-13649
-13634
-13618
-13588
-13582
-13565
-13562
-13510
-13506
-13498
-13465
-13464
-13454
-13452
-13450
-13437
-13383
-13363
-13362
-13357
-13340
-13320
-13294
-13290
-13283
-13281
-13270
-13263
-13261
-13197
-13196
-13155
-13096
-13073
-13066
-13053
-13048
-13043
-13028
-13011
-13003
-13001
-12918
-12912
-12895
-12894
-12872
-12837
-12835
-12825
-12782
-12742
-12731
-12727
-12622
-12620
-12618
-12602
-12568
-12566
-12559
-12555
-12519
-12514
-12510
-12441
-12433
-12422
-12409
-12385
-12383
-12380
-12374
-12351
-12340
-12310
-12310
-12308
-12303
-12298
-12297
-12269
-12263
-12240
-12225
-12203
-12193
-12184
-12151
-12124
-12103
-12094
-12085
-12064
-12040
-12029
-12020
-11974
-11968
-11966
-11960
-11932
-11873
-11866
-11834
-11822
-11815
-11800
-11789
-11749
-11747
-11647
-11601
-11594
-11581
-11571
-11547
-11542
-11530
-11496
-11418
-11396
-11368
-11362
-11348
-11337
-11324
-11296
-11239
-11234
-11170
-11155
-11144
-11113
-11110
-11097
-11095
-11066
-11052
-11017
-10998
-10987
-10969
-10967
-10942
-10934
-10924
-10906
-10893
-10826
-10822
-10814
-10806
-10795
-10768
-10746
-10726
-10725
-10665
-10656
-10653
-10650
-10637
-10628
-10626
-10598
-10578
-10576
-10505
-10491
-10488
-10467
-10409
-10374
-10369
-10366
-10365
-10256
-10254
-10224
-10219
-10197
-10179
-10163
-10157
-10152
-10138
-10120
-10113
-10110
-9990
-9985
-9954
-9931
-9910
-9906
-9903
-9885
-9850
-9809
-9800
-9781
-9781
-9754
-9745
-9703
-9695
-9577
-9550
-9547
-9540
-9540
-9533
-9521
-9513
-9463
-9449
-9427
-9422
-9417
-9372
-9315
-9313
-9284
-9274
-9239
-9237
-9182
-9176
-9147
-9107
-9102
-9084
-9082
-9066
-9041
-9032
-9028
-9018
-9010
-8992
-8967
-8966
-8954
-8944
-8918
-8897
-8875
-8842
-8814
-8777
-8721
-8717
-8704
-8701
-8682
-8671
-8658
-8648
-8640
-8627
-8608
-8580
-8552
-8525
-8509
-8473
-8471
-8468
-8433
-8389
-8376
-8359
-8342
-8308
-8297
-8274
-8260
-8259
-8239
-8231
-8196
-8157
-8155
-8140
-8108
-8105
-7949
-7946
-7917
-7890
-7885
-7840
-7826
-7741
-7733
-7699
-7673
-7672
-7662
-7660
-7639
-7628
-7600
-7599
-7594
-7578
-7575
-7523
-7454
-7411
-7342
-7267
-7266
-7259
-7248
-7247
-7221
-7187
-7169
-7155
-7130
-7024
-7023
-7011
-7003
-6962
-6943
-6923
-6908
-6904
-6873
-6857
-6845
-6829
-6760
-6750
-6739
-6715
-6705
-6698
-6686
-6672
-6669
-6651
-6645
-6585
-6534
-6512
-6511
-6456
-6454
-6449
-6442
-6430
-6417
-6409
-6404
-6401
-6367
-6355
-6333
-6325
-6309
-6306
-6290
-6249
-6207
-6157
-6154
-6095
-6005
-5995
-5989
-5962
-5956
-5917
-5906
-5893
-5866
-5849
-5839
-5828
-5790
-5724
-5710
-5708
-5660
-5647
-5621
-5610
-5602
-5565
-5546
-5506
-5470
-5409
-5382
-5357
-5311
-5308
-5279
-5272
-5270
-5201
-5174
-5103
-5063
-5047
-5037
-5033
-5030
-5008
-4979
-4974
-4957
-4949
-4947
-4921
-4917
-4911
-4903
-4882
-4874
-4867
-4866
-4858
-4840
-4811
-4783
-4755
-4709
-4700
-4700
-4689
-4673
-4645
-4640
-4631
-4630
-4625
-4623
-4603
-4594
-4581
-4576
-4563
-4558
-4547
-4498
-4486
-4465
-4430
-4392
-4315
-4313
-4294
-4265
-4258
-4242
-4203
-4187
-4148
-4122
-4065
-4064
-4039
-4033
-3995
-3990
-3990
-3978
-3940
-3885
-3875
-3869
-3847
-3840
-3830
-3828
-3825
-3812
-3802
-3783
-3765
-3734
-3726
-3659
-3632
-3622
-3621
-3601
-3577
-3524
-3508
-3507
-3495
-3493
-3465
-3437
-3430
-3427
-3405
-3381
-3374
-3358
-3319
-3319
-3310
-3309
-3302
-3291
-3285
-3279
-3206
-3157
-3135
-3091
-3064
-3038
-3036
-3027
-3026
-3025
-3014
-2978
-2971
-2964
-2959
-2952
-2907
-2832
-2822
-2822
-2811
-2799
-2797
-2786
-2777
-2748
-2728
-2722
-2679
-2662
-2641
-2630
-2586
-2583
-2555
-2535
-2533
-2492
-2390
-2380
-2366
-2308
-2263
-2252
-2245
-2244
-2237
-2226
-2220
-2205
-2182
-2143
-2068
-2018
-2017
-1963
-1955
-1950
-1944
-1919
-1900
-1853
-1805
-1801
-1801
-1799
-1753
-1745
-1744
-1723
-1706
-1662
-1661
-1637
-1587
-1582
-1560
-1556
-1551
-1531
-1528
-1510
-1507
-1501
-1482
-1449
-1436
-1421
-1401
-1367
-1345
-1314
-1275
-1265
-1237
-1221
-1206
-1177
-1172
-1165
-1155
-1128
-1114
-1073
-1038
-1023
-985
-961
-961
-945
-924
-906
-895
-882
-848
-845
-837
-834
-818
-810
-808
-806
-806
-804
-791
-775
-753
-710
-708
-666
-656
-610
-609
-609
-604
-590
-588
-587
-563
-561
-543
-538
-526
-516
-511
-465
-413
-408
-369
-343
-330
-317
-291
-282
-130
-120
-116
-106
-61
-58
-19
-6
12
41
51
155
169
171
187
212
232
232
242
244
264
265
281
290
291
335
360
371
395
408
417
432
436
455
455
466
483
499
512
515
540
543
597
601
635
638
644
677
695
700
769
790
807
843
877
878
892
896
905
919
971
972
984
988
1025
1025
1027
1237
1249
1251
1262
1294
1316
1322
1323
1325
1370
1415
1454
1462
1470
1482
1484
1486
1498
1513
1528
1534
1539
1560
1581
1615
1618
1620
1675
1682
1684
1694
1723
1740
1751
1752
1781
1798
1803
1816
1836
1846
1919
1977
1978
1980
1995
2042
2102
2119
2142
2169
2210
2321
2323
2337
2385
2417
2450
2471
2475
2514
2514
2525
2533
2547
2552
2554
2571
2581
2613
2620
2648
2648
2651
2652
2676
2688
2689
2695
2712
2772
2783
2801
2801
2816
2821
2841
2843
2852
2856
2871
2914
2947
2948
2958
2982
3002
3043
3046
3121
3136
3142
3144
3160
3164
3168
3174
3189
3212
3216
3219
3261
3298
3322
3347
3377
3382
3384
3403
3483
3530
3580
3585
3586
3610
3621
3658
3686
3689
3846
3859
3860
3863
3901
3901
3905
3914
3948
3974
3978
4006
4055
4139
4144
4151
4153
4164
4166
4175
4177
4266
4281
4299
4377
4396
4398
4440
4488
4510
4519
4520
4527
4546
4615
4622
4650
4653
4658
4740
4760
4787
4799
4860
4875
4880
4917
4930
4942
4978
4996
5023
5025
5045
5048
5057
5057
5083
5091
5119
5132
5182
5184
5202
5206
5219
5237
5246
5261
5279
5311
5336
5345
5363
5391
5419
5419
5462
5488
5616
5616
5622
5637
5682
5699
5746
5751
5767
5843
5857
5881
5885
5917
5922
5930
5943
5947
5965
5969
5977
6008
6021
6033
6036
6054
6093
6145
6156
6159
6188
6218
6267
6271
6272
6277
6279
6299
6346
6350
6353
6419
6420
6458
6473
6477
6478
6494
6514
6525
6588
6609
6653
6668
6682
6685
6689
6769
6786
6798
6799
6806
6825
6832
6851
6868
6883
6891
6900
6914
6918
6918
6934
6959
6961
6995
7038
7057
7065
7124
7144
7150
7163
7174
7184
7203
7261
7288
7298
7313
7356
7361
7385
7397
7417
7450
7467
7477
7495
7514
7635
7659
7665
7717
7785
7798
7847
7905
7936
7987
8047
8057
8062
8062
8081
8110
8114
8130
8158
8254
8254
8348
8371
8403
8406
8410
8412
8467
8477
8481
8513
8534
8605
8616
8633
8637
8646
8650
8651
8652
8680
8689
8692
8693
8723
8735
8738
8776
8788
8807
8880
8918
8987
8998
9008
9023
9035
9042
9088
9097
9098
9160
9272
9312
9316
9330
9331
9338
9349
9350
9356
9374
9391
9435
9452
9452
9462
9464
9471
9526
9533
9559
9588
9607
9617
9628
9645
9695
9705
9787
9801
9804
9870
9882
9885
9951
9955
9958
9963
9964
9966
9986
9988
10015
10139
10146
10180
10211
10218
10251
10263
10268
10270
10276
10298
10336
10337
10340
10380
10382
10392
10397
10401
10410
10422
10463
10471
10475
10480
10495
10526
10548
10567
10589
10604
10615
10651
10701
10730
10785
10786
10790
10818
10820
10838
10863
10864
10872
10873
10885
10895
10900
10905
10909
10966
10966
10967
10988
11138
11146
11194
11203
11206
11208
11240
11250
11274
11277
11281
11300
11310
11311
11354
11372
11381
11407
11448
11449
11464
11520
11527
11533
11546
11554
11574
11622
11627
11633
11645
11659
11681
11701
11711
11712
11741
11754
11770
11775
11775
11781
11781
11801
11804
11861
11947
11952
11986
11991
12006
12008
12026
12059
12083
12096
12112
12116
12143
12144
12192
12208
12210
12227
12240
12243
12245
12265
12293
12323
12337
12349
12370
12387
12410
12416
12422
12424
12425
12443
12451
12497
12533
12545
12560
12569
12574
12598
12611
12635
12653
12660
12681
12687
12694
12737
12750
12811
12819
12820
12821
12885
12950
12977
12994
13045
13061
13063
13068
13073
13108
13128
13136
13148
13182
13189
13224
13229
13259
13291
13314
13325
13350
13359
13361
13381
13518
13585
13636
13639
13678
13679
13712
13728
13739
13769
13779
13783
13789
13801
13847
13873
13950
13954
13965
13973
13983
14004
14011
14024
14026
14041
14089
14105
14133
14143
14146
14151
14169
14172
14206
14210
14210
14219
14219
14226
14235
14298
14324
14335
14354
14365
14377
14383
14396
14434
14457
14465
14501
14537
14540
14551
14566
14592
14640
14657
14676
14687
14698
14765
14778
14794
14801
14814
14823
14848
14857
14861
14873
14903
14905
14909
14930
14957
14960
14976
14989
14991
14994
15039
15053
15064
15078
15088
15109
15125
15146
15157
15162
15185
15193
15195
15218
15239
15241
15243
15259
15262
15271
15284
15304
15312
15347
15421
15423
15440
15464
15470
15485
15497
15498
15509
15561
15562
15567
15637
15638
15654
15662
15671
15685
15816
15834
15843
15844
15853
15854
15891
15903
15917
15964
15964
15990
16004
16098
16099
16141
16142
16142
16168
16207
16224
16252
16302
16357
16366
16408
16414
16429
16432
16466
16529
16549
16580
16619
16630
16657
16665
16782
16794
16795
16795
16823
16824
16845
16857
16878
16881
16890
16901
16949
16956
17005
17040
17056
17082
17083
17099
17103
17120
17131
17149
17164
17208
17234
17264
17265
17273
17285
17311
17324
17325
17344
17351
17358
17367
17373
17391
17402
17478
17510
17525
17562
17591
17594
17604
17605
17612
17612
17644
17661
17671
17679
17703
17711
17718
17721
17726
17744
17751
17769
17821
17829
17849
17865
17881
17890
17927
17936
17945
17962
17966
17970
17978
17979
18003
18003
18018
18061
18105
18106
18124
18143
18162
18164
18165
18174
18191
18208
18220
18240
18274
18274
18347
18385
18414
18420
18444
18481
18500
18506
18523
18525
18600
18615
18630
18632
18642
18654
18656
18691
18748
18762
18772
18781
18792
18832
18842
18851
18864
18913
18983
19005
19046
19066
19070
19209
19212
19216
19233
19243
19251
19252
19255
19333
19342
19368
19372
19373
19379
19400
19425
19444
19450
19450
19487
19487
19487
19511
19538
19569
19592
19597
19613
19626
19674
19720
19785
19802
19810
19837
19873
19910
19956
19988
20005
20015
20031
20057
20059
20061
20076
20118
20130
20142
20196
20260
20332
20400
20406
20412
20426
20428
20440
20468
20472
20492
20503
20507
20519
20533
20581
20620
20655
20661
20709
20711
20717
20718
20764
20786
20809
20838
20848
20881
20936
20937
20938
20954
20975
20977
20982
20985
21023
21041
21049
21107
21114
21142
21158
21163
21177
21189
21194
21252
21282
21283
21311
21326
21334
21354
21373
21400
21413
21419
21427
21431
21439
21455
21474
21498
21525
21556
21566
21620
21628
21632
21647
21683
21716
21748
21772
21784
21808
21829
21846
21885
21893
21896
21971
22027
22040
22040
22045
22068
22084
22112
22140
22153
22169
22176
22209
22228
22235
22245
22276
22279
22302
22313
22315
22316
22350
22357
22393
22417
22437
22468
22470
22505
22517
22519
22552
22574
22583
22584
22593
22611
22630
22631
22633
22636
22637
22659
22714
22724
22777
22817
22870
22872
22873
22920
22945
22946
22955
23061
23108
23127
23133
23141
23166
23166
23193
23215
23230
23292
23334
23395
23399
23407
23441
23446
23452
23463
23465
23483
23485
23487
23495
23496
23503
23534
23555
23561
23576
23618
23626
23634
23701
23762
23764
23766
23772
23804
23823
23842
23843
23845
23850
23851
23852
23870
23928
23940
23950
23956
23975
23978
24023
24030
24081
24107
24108
24135
24140
24144
24144
24154
24217
24219
24225
24252
24253
24259
24264
24272
24290
24300
24330
24344
24346
24362
24365
24553
24576
24586
24620
24633
24650
24657
24680
24726
24728
24742
24744
24745
24750
24760
24763
24765
24777
24795
24810
24842
24858
24872
24877
24923
24936
24939
24950
24950
24953
24962
24984
25006
25025
25045
25051
25059
25092
25113
25114
25130
25134
25157
25161
25189
25213
25213
25217
25248
25262
25270
25294
25298
25339
25380
25457
25468
25478
25506
25533
25537
25567
25574
25608
25630
25635
25647
25657
25668
25677
25699
25707
25710
25710
25712
25733
25750
25758
25792
25798
25832
25877
25897
25903
25917
25918
25921
25942
25984
25985
26010
26017
26027
26036
26050
26060
26079
26124
26135
26136
26140
26166
26167
26197
26199
26203
26213
26230
26234
26260
26268
26282
26283
26295
26297
26304
26341
26348
26435
26496
26498
26499
26500
26500
26501
26502
26506
26524
26549
26579
26587
26613
26618
26655
26657
26659
26667
26703
26704
26725
26737
26738
26841
26848
26924
26928
26939
26945
26993
26994
27019
27042
27050
27054
27061
27065
27104
27118
27140
27181
27214
27254
27307
27310
27355
27355
27401
27424
27464
27466
27478
27504
27508
27508
27508
27515
27536
27540
27540
27633
27636
27643
27733
27759
27798
27823
27836
27853
27856
27940
27976
27989
27992
27993
28014
28025
28035
28060
28113
28130
28146
28154
28213
28220
28266
28330
28346
28348
28349
28354
28356
28368
28393
28401
28408
28411
28412
28412
28431
28469
28501
28522
28529
28540
28548
28614
28615
28634
28676
28690
28708
28710
28711
28715
28725
28737
28739
28760
28777
28827
28830
28840
28854
28855
28867
28896
28909
28927
28964
28995
29012
29014
29028
29072
29082
29102
29117
29133
29161
29177
29224
29231
29239
29244
29265
29279
29280
29300
29341
29352
29393
29394
29428
29468
29476
29514
29521
29576
29627
29635
29638
29646
29650
29671
29676
29699
29750
29774
29784
29820
29833
29845
29882
29895
29896
29926
29932
29943
29946
30004
30009
30035
30037
30045
30087
30101
30110
30121
30126
30147
30147
30149
30162
30176
30198
30203
30216
30225
30229
30237
30303
30327
30350
30357
30370
30375
30428
30430
30436
30439
30448
30459
30475
30560
30562
30564
30581
30589
30619
30638
30663
30688
30765
30838
30843
30846
30857
30859
30866
30898
30948
30978
31031
31089
31155
31168
31169
31182
31185
31230
31252
31255
31286
31294
31295
31350
31400
31453
31454
31461
31478
31483
31550
31561
31576
31582
31653
31674
31683
31701
31703
31731
31750
31773
31777
31794
31818
31826
31826
31833
31858
31873
31901
31905
31917
31924
31939
31955
31993
32038
32067
32119
32120
32164
32189
32203
32209
32246
32250
32277
32279
32280
32346
32370
32375
32391
32393
32438
32439
32471
32481
32515
32536
32578
32582
32589
32594
32601
32678
32703
32714
32724
32728
32742
32773
32779
32849
32851
32869
32869
32870
32906
32926
32926
32946
32953
32957
32963
32971
32973
32975
32984
33086
33106
33119
33138
33150
33175
33181
33191
33211
33253
33288
33295
33305
33351
33357
33361
33392
33433
33444
33456
33459
33471
33503
33508
33517
33527
33575
33599
33602
33616
33664
33706
33721
33744
33783
33833
33838
33864
33873
33880
33922
33928
34017
34045
34123
34127
34150
34165
34190
34208
34235
34242
34248
34254
34255
34269
34299
34311
34359
34386
34387
34407
34472
34535
34537
34539
34555
34589
34612
34614
34640
34652
34661
34672
34672
34711
34714
34748
34752
34772
34781
34798
34832
34835
34847
34879
34886
34899
34916
34923
34956
34959
34961
34961
34994
35026
35058
35062
35087
35092
35118
35144
35192
35234
35266
35269
35307
35341
35343
35461
35464
35481
35485
35488
35495
35496
35498
35500
35500
35511
35515
35534
35567
35569
35603
35606
35634
35637
35659
35691
35709
35719
35722
35731
35822
35829
35837
35848
35866
35874
35889
35905
35921
35966
36028
36037
36039
36157
36159
36186
36230
36271
36275
36278
36278
36284
36303
36311
36343
36353
36383
36390
36418
36457
36463
36469
36508
36527
36534
36536
36543
36549
36552
36598
36615
36624
36705
36721
36725
36746
36769
36771
36793
36815
36856
36874
36879
36885
36890
36896
36916
36919
36952
36961
36986
36994
37001
37027
37037
37057
37063
37081
37085
37098
37121
37122
37131
37137
37162
37206
37210
37212
37216
37220
37237
37246
37252
37274
37310
37311
37330
37350
37355
37403
37413
37413
37434
37442
37468
37480
37489
37575
37588
37624
37642
37642
37655
37660
37683
37684
37687
37699
37703
37712
37736
37764
37800
37827
37835
37854
37916
37919
37929
37952
37958
38013
38027
38029
38031
38033
38063
38089
38196
38198
38213
38223
38240
38284
38290
38357
38358
38378
38411
38472
38478
38487
38493
38494
38529
38559
38560
38591
38598
38606
38644
38669
38671
38684
38766
38823
38854
38908
38929
38955
39003
39005
39007
39026
39060
39071
39080
39101
39106
39111
39125
39154
39158
39159
39162
39176
39188
39198
39237
39259
39262
39271
39288
39299
39307
39307
39309
39313
39324
39338
39351
39352
39367
39384
39393
39415
39417
39433
39441
39463
39486
39551
39553
39615
39632
39657
39689
39700
39714
39717
39748
39786
39840
39849
39873
39880
39913
39920
39947
39955
39976
40043
40054
40056
40098
40100
40126
40131
40137
40172
40191
40199
40228
40250
40259
40267
40313
40320
40344
40395
40406
40457
40472
40494
40504
40530
40531
40534
40542
40548
40570
40608
40608
40610
40633
40652
40659
40660
40681
40688
40712
40727
40754
40758
40787
40807
40810
40811
40862
40917
40941
40965
40994
41007
41007
41018
41033
41056
41155
41176
41226
41227
41228
41289
41328
41328
41388
41415
41447
41451
41455
41456
41466
41503
41512
41522
41532
41558
41561
41575
41617
41618
41627
41648
41699
41702
41705
41737
41749
41792
41794
41812
41859
41863
41881
41882
41895
41901
41908
41943
41959
41963
41965
41991
42011
42025
42039
42077
42116
42118
42130
42181
42191
42198
42215
42217
42276
42306
42309
42311
42315
42316
42341
42344
42384
42400
42405
42416
42427
42467
42469
42495
42509
42527
42531
42558
42566
42583
42588
42593
42634
42666
42674
42679
42690
42706
42712
42727
42749
42750
42765
42810
42839
42841
42847
42853
42867
42951
42958
42980
42986
43002
43014
43030
43036
43054
43060
43076
43090
43105
43156
43164
43204
43242
43258
43274
43276
43277
43300
43308
43357
43371
43378
43385
43391
43451
43461
43482
43521
43534
43616
43628
43628
43654
43666
43675
43708
43716
43732
43786
43798
43840
43840
43855
43890
43891
43942
43954
43988
44000
44010
44058
44079
44082
44086
44141
44197
44249
44280
44290
44296
44310
44361
44372
44386
44417
44419
44431
44453
44483
44487
44488
44530
44555
44598
44611
44637
44656
44679
44685
44720
44743
44748
44774
44786
44805
44830
44838
44861
44862
44868
44871
44902
44915
44924
44940
44953
44976
44976
45012
45066
45170
45180
45185
45216
45222
45231
45260
45262
45265
45382
45390
45435
45451
45476
45483
45486
45494
45530
45534
45542
45545
45583
45600
45607
45610
45665
45669
45670
45680
45688
45705
45733
45769
45797
45805
45807
45844
45845
45884
45888
45889
45893
45912
45944
45949
45967
46001
46005
46007
46018
46043
46044
46080
46080
46083
46122
46139
46143
46188
46209
46223
46230
46263
46270
46272
46281
46319
46329
46369
46381
46429
46433
46442
46484
46485
46489
46494
46526
46537
46547
46563
46571
46588
46599
46652
46666
46669
46693
46805
46894
46898
46927
46966
46976
46981
46986
47013
47024
47026
47048
47063
47080
47094
47097
47102
47110
47142
47143
47151
47157
47160
47182
47195
47229
47269
47280
47315
47334
47346
47361
47390
47399
47445
47472
47491
47513
47513
47517
47539
47556
47558
47567
47601
47607
47609
47637
47655
47670
47675
47679
47697
47699
47712
47715
47727
47733
47750
47752
47754
47799
47805
47837
47878
47884
47934
47950
47968
47971
48055
48067
48080
48089
48098
48117
48160
48197
48221
48259
48283
48313
48330
48339
48404
48416
48437
48438
48450
48487
48493
48494
48572
48616
48622
48628
48663
48688
48697
48708
48717
48717
48723
48727
48732
48746
48749
48835
48844
48848
48850
48860
48864
48900
48926
48936
48984
48994
49024
49032
49048
49051
49079
49137
49167
49185
49194
49199
49199
49202
49227
49227
49278
49317
49349
49365
49381
49403
49423
49431
49457
49462
49482
49516
49533
49537
49582
49594
49606
49611
49616
49637
49644
49671
49693
49701
49704
49736
49769
49781
49783
49790
49802
49828
49856
49862
49871
49888
49913
49926
49977
49998
50002
50007
50014
50014
50040
50113
50122
50129
50132
50135
50142
50180
50202
50228
50254
50280
50319
50397
50456
50485
50507
50545
50553
50579
50580
50597
50631
50686
50720
50727
50738
50746
50762
50779
50792
50821
50824
50826
50834
50861
50874
50877
50877
50884
50888
50905
50908
50919
50945
50977
50997
51006
51016
51083
51145
51187
51192
51218
51220
51244
51281
51329
51343
51354
51361
51363
51390
51399
51403
51419
51419
51442
51455
51467
51509
51528
51532
51534
51551
51571
51592
51592
51594
51594
51618
51643
51646
51662
51670
51693
51719
51720
51735
51748
51752
51772
51819
51882
51886
51893
51913
51938
51956
51978
52026
52026
52039
52039
52050
52077
52078
52090
52096
52133
52193
52206
52221
52231
52249
52269
52287
52293
52300
52311
52314
52340
52343
52380
52381
52393
52412
52419
52462
52494
52511
52523
52526
52538
52549
52620
52642
52649
52659
52678
52693
52773
52786
52792
52814
52818
52822
52843
52877
52926
52944
52951
52990
53085
53091
53099
53107
53130
53131
53138
53149
53160
53164
53171
53208
53213
53227
53290
53294
53325
53341
53380
53408
53462
53470
53489
53509
53565
53594
53597
53607
53624
53659
53724
53759
53822
53833
53835
53842
53856
53894
53905
53932
53933
53934
53959
53998
53999
54015
54021
54025
54028
54035
54055
54092
54138
54140
54151
54210
54222
54265
54269
54285
54289
54350
54381
54385
54391
54417
54424
54460
54478
54526
54534
54549
54560
54583
54598
54631
54659
54668
54695
54698
54724
54814
54857
54858
54865
54868
54870
54882
54891
54901
54910
54981
54981
55005
55017
55019
55032
55034
55044
55059
55070
55072
55094
55105
55117
55134
55183
55192
55208
55218
55223
55227
55229
55246
55271
55408
55423
55442
55454
55462
55517
55548
55553
55570
55600
55641
55658
55662
55677
55708
55731
55859
55876
55893
55901
55926
55984
55999
56033
56058
56082
56117
56122
56123
56130
56151
56249
56267
56282
56361
56381
56412
56461
56510
56517
56524
56527
56533
56547
56549
56556
56575
56609
56617
56628
56631
56643
56650
56695
56723
56726
56776
56821
56855
56872
56875
56905
56924
56953
56960
56988
57000
57011
57092
57138
57156
57161
57199
57238
57243
57245
57251
57297
57363
57386
57414
57437
57444
57465
57488
57490
57519
57526
57557
57585
57632
57657
57662
57666
57696
57702
57805
57807
57826
57853
57870
57895
57901
57906
57929
57939
57975
57993
58000
58005
58020
58046
58052
58053
58115
58122
58141
58155
58275
58280
58284
58297
58329
58334
58342
58347
58347
58374
58383
58392
58394
58459
58461
58474
58507
58517
58537
58599
58601
58656
58665
58667
58680
58682
58714
58718
58748
58776
58788
58792
58825
58829
58835
58843
58849
58857
58864
58874
58915
58918
58938
58986
58989
58999
59023
59083
59155
59168
59180
59288
59305
59322
59348
59349
59354
59358
59367
59375
59405
59410
59412
59462
59481
59498
59504
59519
59586
59594
59600
59608
59615
59615
59618
59622
59628
59638
59657
59668
59695
59701
59706
59722
59735
59742
59758
59760
59789
59795
59882
59897
59902
59942
59943
59952
59971
59991
59996
60054
60071
60084
60098
60120
60120
60178
60216
60244
60248
60263
60266
60315
60315
60335
60346
60400
60439
60451
60466
60472
60478
60484
60494
60513
60515
60517
60563
60599
60616
60620
60620
60667
60676
60690
60712
60713
60725
60747
60748
60767
60786
60822
60823
60841
60844
60894
60941
60961
60966
60976
61039
61075
61128
61159
61175
61201
61205
61246
61249
61279
61289
61306
61315
61321
61334
61355
61440
61464
61483
61528
61529
61541
61565
61642
61649
61652
61674
61687
61692
61821
61826
61851
61898
61906
61923
61935
61958
62001
62002
62003
62023
62030
62066
62126
62131
62153
62177
62185
62189
62217
62314
62317
62319
62322
62426
62442
62483
62498
62561
62567
62583
62616
62619
62635
62637
62642
62652
62709
62716
62721
62727
62758
62765
62789
62790
62801
62801
62846
62847
62857
62921
62930
62937
62951
62954
62959
62976
63006
63025
63026
63043
63044
63065
63067
63082
63083
63085
63096
63154
63155
63168
63184
63190
63206
63224
63261
63284
63290
63343
63365
63387
63401
63402
63451
63458
63471
63486
63517
63545
63583
63593
63599
63602
63694
63699
63791
63810
63845
63863
63884
63897
63995
64013
64052
64055
64121
64137
64154
64166
64204
64255
64280
64312
64340
64346
64350
64351
64368
64380
64386
64471
64477
64496
64530
64552
64559
64599
64608
64623
64699
64703
64739
64762
64777
64800
64806
64834
64879
64904
64914
64918
64924
64929
64941
64948
64979
64982
65039
65046
65051
65061
65070
65119
65157
65187
65252
65256
65257
65275
65297
65325
65332
65347
65415
65430
65441
65460
65467
65470
65492
65494
65511
65523
65545
65550
65562
65564
65568
65601
65624
65634
65635
65709
65716
65756
65768
65772
65789
65791
65812
65836
65887
65894
65895
65906
65933
65939
65959
65969
66014
66079
66092
66141
66153
66166
66194
66267
66274
66301
66316
66322
66394
66399
66404
66427
66427
66501
66505
66514
66521
66523
66525
66545
66547
66607
66643
66646
66674
66684
66692
66705
66729
66854
66911
66914
66959
66964
66969
66983
67004
67059
67061
67065
67088
67100
67123
67123
67137
67144
67188
67192
67197
67235
67250
67283
67319
67333
67343
67369
67395
67396
67398
67414
67416
67428
67446
67467
67488
67489
67506
67512
67515
67536
67552
67560
67594
67618
67636
67667
67673
67680
67684
67725
67744
67811
67814
67817
67864
67873
67874
67875
67882
67885
67890
67915
67917
67948
67989
68021
68048
68057
68119
68167
68168
68170
68172
68188
68224
68274
68297
68318
68323
68326
68348
68371
68451
68460
68500
68508
68529
68529
68546
68559
68576
68616
68618
68652
68710
68712
68712
68715
68727
68739
68747
68770
68773
68774
68811
68814
68830
68850
68853
68904
68911
68916
68919
68921
68929
68930
68933
68977
68979
68986
69004
69010
69014
69051
69065
69066
69076
69093
69170
69175
69181
69181
69220
69230
69297
69310
69328
69347
69388
69421
69430
69441
69460
69462
69513
69552
69600
69605
69614
69621
69688
69696
69725
69734
69783
69849
69875
69886
69898
69960
69972
70008
70015
70060
70068
70096
70097
70098
70099
70145
70156
70160
70163
70165
70205
70206
70212
70241
70244
70268
70273
70291
70336
70337
70355
70390
70402
70423
70464
70507
70512
70515
70515
70550
70585
70609
70610
70696
70748
70757
70779
70808
70811
70819
70837
70861
70877
70885
70891
70917
70927
70927
70934
70952
70985
71050
71066
71069
71113
71146
71218
71222
71226
71255
71283
71314
71321
71330
71331
71345
71347
71355
71363
71364
71385
71397
71411
71435
71454
71459
71511
71516
71521
71529
71545
71597
71608
71613
71621
71637
71652
71652
71656
71687
71708
71728
71751
71754
71762
71776
71793
71801
71803
71814
71820
71823
71832
71850
71853
71853
71858
71883
71915
71919
71923
71934
71939
71949
71979
72006
72007
72012
72066
72074
72077
72103
72137
72162
72165
72176
72193
72225
72229
72238
72253
72263
72281
72298
72304
72343
72345
72355
72358
72376
72383
72409
72438
72440
72445
72472
72476
72517
72559
72561
72590
72606
72631
72641
72651
72656
72661
72699
72784
72793
72806
72836
72860
72908
72924
72931
72941
72949
72968
72974
73005
73010
73011
73012
73014
73028
73059
73169
73200
73209
73218
73226
73238
73244
73250
73261
73278
73334
73334
73348
73424
73452
73512
73542
73574
73593
73631
73653
73694
73720
73731
73733
73748
73756
73780
73797
73833
73847
73849
73888
73909
73912
73916
73934
73966
73968
73986
74012
74032
74033
74063
74075
74119
74166
74181
74214
74275
74290
74297
74311
74365
74379
74386
74392
74395
74396
74404
74442
74444
74489
74504
74506
74546
74563
74604
74611
74637
74681
74700
74736
74736
74762
74765
74766
74806
74825
74836
74858
74877
74877
74937
74964
74973
75049
75055
75077
75077
75127
75135
75141
75159
75162
75165
75194
75269
75301
75324
75373
75388
75395
75399
75400
75403
75429
75445
75456
75460
75466
75469
75471
75499
75519
75561
75585
75586
75616
75638
75642
75651
75690
75703
75733
75750
75755
75770
75772
75849
75857
75868
75879
75880
75902
75926
75993
76027
76045
76053
76061
76088
76103
76104
76118
76122
76126
76134
76163
76172
76174
76176
76229
76233
76254
76324
76326
76350
76368
76432
76432
76446
76448
76461
76515
76544
76564
76576
76582
76589
76594
76594
76620
76624
76672
76709
76721
76772
76807
76877
76886
76941
76945
76947
76987
77004
77008
77014
77022
77028
77037
77049
77055
77083
77096
77098
77111
77127
77201
77202
77219
77270
77333
77335
77336
77362
77388
77435
77460
77461
77494
77528
77556
77561
77586
77606
77618
77627
77628
77697
77705
77715
77717
77722
77728
77737
77771
77771
77792
77826
77828
77845
77877
77882
77938
77948
77994
78015
78017
78033
78045
78081
78096
78097
78112
78126
78131
78142
78156
78163
78173
78176
78181
78225
78230
78256
78257
78270
78285
78301
78407
78422
78427
78450
78453
78524
78535
78540
78598
78607
78612
78615
78628
78630
78641
78692
78699
78738
78779
78797
78810
78848
78851
78867
78877
78887
78890
78938
78983
78986
78995
79000
79027
79039
79045
79080
79083
79092
79092
79122
79125
79140
79141
79159
79163
79165
79208
79211
79263
79270
79276
79279
79295
79302
79351
79370
79379
79448
79481
79488
79519
79536
79556
79566
79574
79608
79613
79644
79656
79662
79676
79683
79698
79708
79709
79751
79752
79754
79786
79792
79810
79810
79844
79899
79924
79929
79941
79959
79976
79981
80031
80031
80038
80043
80076
80151
80158
80194
80227
80229
80233
80260
80281
80288
80315
80328
80380
80388
80401
80402
80405
80424
80434
80436
80442
80444
80469
80493
80494
80518
80534
80547
80555
80569
80575
80580
80639
80642
80761
80764
80772
80814
80823
80828
80830
80850
80851
80888
80922
80933
80948
80949
80974
80988
81019
81033
81056
81067
81098
81107
81115
81120
81227
81233
81276
81281
81337
81352
81366
81375
81392
81401
81440
81447
81482
81500
81541
81557
81566
81582
81584
81590
81622
81645
81651
81679
81690
81769
81786
81899
81945
81981
82004
82027
82031
82040
82048
82084
82092
82185
82208
82227
82238
82246
82275
82294
82310
82315
82316
82333
82334
82339
82394
82403
82427
82439
82445
82503
82519
82523
82532
82533
82578
82647
82697
82784
82787
82803
82835
82845
82858
82871
82901
82913
82934
82955
82966
82967
82985
83024
83024
83039
83057
83080
83134
83215
83218
83242
83247
83297
83321
83329
83346
83358
83376
83381
83385
83404
83407
83444
83445
83463
83476
83493
83559
83573
83579
83580
83584
83588
83594
83650
83682
83695
83719
83720
83745
83761
83762
83789
83800
83803
83832
83847
83870
83886
83945
83945
83953
83994
83996
83998
84003
84016
84029
84049
84050
84079
84083
84117
84157
84158
84165
84216
84261
84269
84298
84316
84342
84367
84427
84433
84437
84479
84494
84502
84514
84517
84520
84584
84596
84632
84648
84648
84658
84704
84719
84723
84728
84804
84833
84872
84878
84883
84886
84923
84927
84929
84935
84997
85028
85058
85081
85091
85097
85133
85147
85158
85167
85185
85211
85219
85285
85287
85291
85309
85319
85385
85408
85409
85455
85497
85501
85514
85545
85577
85630
85650
85661
85783
85784
85801
85843
85910
85911
85930
85947
85970
86044
86047
86065
86088
86091
86130
86132
86148
86187
86188
86219
86226
86237
86251
86259
86272
86318
86334
86361
86378
86390
86392
86392
86422
86423
86455
86488
86488
86502
86521
86534
86572
86582
86584
86595
86599
86602
86621
86638
86649
86671
86674
86678
86716
86770
86783
86799
86800
86864
86904
86914
86925
86995
87007
87024
87104
87126
87197
87199
87218
87252
87258
87310
87330
87369
87392
87393
87394
87410
87431
87435
87446
87465
87488
87513
87520
87533
87536
87557
87652
87658
87660
87672
87677
87707
87717
87738
87774
87811
87832
87868
87903
87935
87939
87943
87960
87979
87982
88038
88082
88111
88184
88193
88196
88202
88272
88274
88288
88310
88334
88337
88366
88381
88392
88431
88432
88438
88449
88462
88478
88540
88557
88563
88572
88585
88587
88595
88627
88651
88652
88698
88709
88721
88739
88745
88757
88764
88844
88873
88881
88883
88918
88968
88982
89009
89014
89045
89056
89071
89088
89092
89097
89106
89114
89115
89155
89165
89190
89192
89268
89270
89290
89291
89295
89301
89314
89331
89333
89349
89406
89409
89429
89453
89487
89526
89526
89534
89569
89579
89596
89626
89708
89713
89765
89807
89823
89834
89873
89917
89927
89936
89949
89983
90019
90022
90022
90031
90047
90090
90122
90122
90184
90185
90188
90222
90260
90277
90327
90374
90417
90421
90443
90497
90502
90553
90568
90572
90595
90627
90637
90653
90687
90696
90703
90731
90762
90770
90793
90800
90810
90826
90878
90890
90895
90934
90935
91012
91024
91039
91041
91041
91057
91068
91089
91115
91144
91151
91178
91181
91182
91190
91214
91235
91264
91338
91370
91374
91387
91390
91392
91396
91435
91447
91457
91466
91473
91479
91488
91491
91531
91536
91554
91560
91581
91604
91633
91640
91661
91679
91704
91751
91763
91766
91842
91877
91891
91908
91935
92016
92018
92019
92033
92039
92108
92114
92126
92139
92141
92149
92153
92242
92253
92272
92295
92299
92304
92344
92399
92420
92431
92431
92446
92451
92451
92451
92467
92512
92516
92536
92556
92559
92577
92590
92597
92607
92619
92625
92646
92652
92690
92740
92749
92773
92789
92794
92796
92802
92826
92830
92833
92886
92900
92904
92933
92973
92980
93005
93029
93029
93048
93086
93108
93126
93134
93139
93153
93204
93240
93247
93297
93308
93321
93336
93336
93354
93397
93399
93402
93402
93402
93411
93436
93442
93468
93471
93504
93508
93531
93537
93552
93578
93601
93642
93658
93664
93693
93729
93752
93758
93767
93777
93797
93854
93881
93899
93976
93994
93997
94014
94095
94099
94135
94156
94178
94193
94236
94268
94336
94349
94356
94401
94424
94461
94493
94508
94524
94525
94528
94534
94564
94597
94600
94601
94615
94621
94625
94682
94708
94744
94766
94777
94782
94809
94822
94823
94876
94893
94920
94924
94999
95013
95055
95105
95128
95141
95187
95188
95188
95231
95235
95257
95289
95291
95340
95355
95360
95423
95448
95456
95487
95544
95588
95598
95612
95624
95675
95675
95685
95695
95697
95701
95704
95722
95728
95768
95779
95804
95833
95863
95867
95883
95885
95887
95905
95964
95989
95998
96026
96032
96044
96069
96078
96107
96120
96123
96158
96165
96218
96221
96229
96266
96269
96277
96310
96333
96337
96359
96376
96443
96448
96466
96480
96531
96568
96588
96608
96637
96650
96661
96686
96702
96720
96740
96750
96758
96784
96786
96812
96819
96827
96842
96845
96859
96873
96880
96917
96931
96957
96967
96999
97008
97011
97028
97032
97090
97101
97103
97112
97140
97151
97152
97153
97169
97172
97213
97214
97218
97225
97233
97241
97248
97249
97254
97261
97265
97281
97290
97343
97358
97365
97370
97390
97447
97448
97494
97540
97565
97579
97583
97619
97643
97668
97734
97757
97820
97828
97867
97874
97888
97920
97951
97993
97997
98008
98017
98021
98033
98106
98163
98172
98175
98199
98205
98231
98247
98254
98261
98269
98287
98296
98304
98309
98310
98321
98328
98352
98357
98362
98364
98378
98381
98389
98391
98412
98434
98463
98467
98506
98539
98540
98552
98557
98574
98578
98580
98585
98630
98635
98637
98639
98648
98661
98692
98706
98744
98777
98800
98857
98878
98880
98944
98974
99030
99048
99060
99065
99126
99127
99140
99166
99181
99185
99230
99244
99255
99262
99270
99286
99288
99310
99316
99321
99346
99355
99417
99434
99479
99479
99481
99499
99501
99512
99545
99572
99649
99654
99740
99746
99750
99780
99792
99792
99811
99832
99844
99873
99885
99926
99991
