Generating 1000000 random numbers
Command: ./generate
Total amount of numbers: 1000000
Min value: -100000
Max value: 100000
Generating 1000000 numbers between -100000 and 100000...
Complete
Starting system sort

real	0m0.286s
user	0m1.132s
sys	0m0.078s
Starting mysort

real	31m29.627s
user	31m29.615s
sys	0m0.010s
Generating 1000000 random numbers
Command: ./generate
Total amount of numbers: 1000000
Min value: -100000
Max value: 100000
Generating 1000000 numbers between -100000 and 100000...
Complete
Starting system sort

real	0m0.374s
user	0m1.309s
sys	0m0.165s
Starting mysort

real	47m10.692s
user	38m30.933s
sys	0m0.061s
Generating 1000000 random numbers
Command: ./generate
Total amount of numbers: 10000
Min value: -100000
Max value: 100000
Generating 10000 numbers between -100000 and 100000...
Complete
Starting system sort

real	0m0.014s
user	0m0.000s
sys	0m0.015s
Starting mysort

real	0m0.202s
user	0m0.202s
sys	0m0.000s
